Arguments: 
  C:\Program Files\nodejs\node.exe C:\Users\Mourad Sabri\AppData\Roaming\npm\node_modules\yarn\bin\yarn.js add express

PATH: 
  C:\Program Files\WindowsApps\Microsoft.PowerShell_7.2.5.0_x64__8wekyb3d8bbwe;C:\Windows\system32;C:\Windows;C:\Windows\System32\Wbem;C:\Windows\System32\WindowsPowerShell\v1.0\;C:\Windows\System32\OpenSSH\;C:\Program Files\nodejs\;C:\Program Files\Git\cmd;C:\Program Files\Docker\Docker\resources\bin;C:\ProgramData\DockerDesktop\version-bin;C:\Program Files\Go\bin;C:\Users\Mourad Sabri\AppData\Local\Microsoft\WindowsApps;C:\Users\Mourad Sabri\AppData\Roaming\npm;C:\Users\Mourad Sabri\AppData\Local\Programs\Microsoft VS Code\bin;C:\Users\Mourad Sabri\go\bin

Yarn version: 
  1.22.19

Node version: 
  16.16.0

Platform: 
  win32 x64

Trace: 
  Error: getaddrinfo ENOTFOUND registry.yarnpkg.com
      at GetAddrInfoReqWrap.onlookup [as oncomplete] (node:dns:71:26)

npm manifest: 
  {
    "name": "backend",
    "version": "1.0.0",
    "main": "index.js",
    "license": "MIT"
  }

yarn manifest: 
  No manifest

Lockfile: 
  No lockfile
